<?xml version="1.0" encoding="UTF-8"?>
<coverage generated="1638383641045" clover="3.2.0">
  <project timestamp="1638383641045" name="All files">
    <metrics statements="35" coveredstatements="27" conditionals="2" coveredconditionals="0" methods="6" coveredmethods="2" elements="43" coveredelements="29" complexity="0" loc="35" ncloc="35" packages="5" files="13" classes="13"/>
    <package name="public">
      <metrics statements="7" coveredstatements="7" conditionals="0" coveredconditionals="0" methods="0" coveredmethods="0"/>
      <file name="Logo-horizontal-PhotoRoom.png" path="C:\Users\Usuari\Desktop\Bootcamp\Curso\Semana 9 -10- 11\VueGComps\vuegcomps-front\public\Logo-horizontal-PhotoRoom.png">
        <metrics statements="1" coveredstatements="1" conditionals="0" coveredconditionals="0" methods="0" coveredmethods="0"/>
        <line num="1" count="1" type="stmt"/>
      </file>
      <file name="burger-menu-s.png" path="C:\Users\Usuari\Desktop\Bootcamp\Curso\Semana 9 -10- 11\VueGComps\vuegcomps-front\public\burger-menu-s.png">
        <metrics statements="1" coveredstatements="1" conditionals="0" coveredconditionals="0" methods="0" coveredmethods="0"/>
        <line num="1" count="1" type="stmt"/>
      </file>
      <file name="instagram.png" path="C:\Users\Usuari\Desktop\Bootcamp\Curso\Semana 9 -10- 11\VueGComps\vuegcomps-front\public\instagram.png">
        <metrics statements="1" coveredstatements="1" conditionals="0" coveredconditionals="0" methods="0" coveredmethods="0"/>
        <line num="1" count="1" type="stmt"/>
      </file>
      <file name="login-f92.png" path="C:\Users\Usuari\Desktop\Bootcamp\Curso\Semana 9 -10- 11\VueGComps\vuegcomps-front\public\login-f92.png">
        <metrics statements="1" coveredstatements="1" conditionals="0" coveredconditionals="0" methods="0" coveredmethods="0"/>
        <line num="1" count="1" type="stmt"/>
      </file>
      <file name="shopping-cart-f92.png" path="C:\Users\Usuari\Desktop\Bootcamp\Curso\Semana 9 -10- 11\VueGComps\vuegcomps-front\public\shopping-cart-f92.png">
        <metrics statements="1" coveredstatements="1" conditionals="0" coveredconditionals="0" methods="0" coveredmethods="0"/>
        <line num="1" count="1" type="stmt"/>
      </file>
      <file name="twitter.png" path="C:\Users\Usuari\Desktop\Bootcamp\Curso\Semana 9 -10- 11\VueGComps\vuegcomps-front\public\twitter.png">
        <metrics statements="1" coveredstatements="1" conditionals="0" coveredconditionals="0" methods="0" coveredmethods="0"/>
        <line num="1" count="1" type="stmt"/>
      </file>
      <file name="youtube.png" path="C:\Users\Usuari\Desktop\Bootcamp\Curso\Semana 9 -10- 11\VueGComps\vuegcomps-front\public\youtube.png">
        <metrics statements="1" coveredstatements="1" conditionals="0" coveredconditionals="0" methods="0" coveredmethods="0"/>
        <line num="1" count="1" type="stmt"/>
      </file>
    </package>
    <package name="src.components">
      <metrics statements="15" coveredstatements="10" conditionals="2" coveredconditionals="0" methods="3" coveredmethods="2"/>
      <file name="Header.vue" path="C:\Users\Usuari\Desktop\Bootcamp\Curso\Semana 9 -10- 11\VueGComps\vuegcomps-front\src\components\Header.vue">
        <metrics statements="8" coveredstatements="3" conditionals="2" coveredconditionals="0" methods="2" coveredmethods="1"/>
        <line num="54" count="1" type="stmt"/>
        <line num="56" count="1" type="stmt"/>
        <line num="60" count="0" type="cond" truecount="0" falsecount="2"/>
        <line num="61" count="0" type="stmt"/>
        <line num="62" count="0" type="stmt"/>
        <line num="64" count="0" type="stmt"/>
        <line num="65" count="0" type="stmt"/>
        <line num="70" count="1" type="stmt"/>
      </file>
      <file name="Product.vue" path="C:\Users\Usuari\Desktop\Bootcamp\Curso\Semana 9 -10- 11\VueGComps\vuegcomps-front\src\components\Product.vue">
        <metrics statements="2" coveredstatements="2" conditionals="0" coveredconditionals="0" methods="0" coveredmethods="0"/>
        <line num="14" count="1" type="stmt"/>
        <line num="16" count="1" type="stmt"/>
      </file>
      <file name="ProductList.vue" path="C:\Users\Usuari\Desktop\Bootcamp\Curso\Semana 9 -10- 11\VueGComps\vuegcomps-front\src\components\ProductList.vue">
        <metrics statements="5" coveredstatements="5" conditionals="0" coveredconditionals="0" methods="1" coveredmethods="1"/>
        <line num="18" count="1" type="stmt"/>
        <line num="19" count="1" type="stmt"/>
        <line num="20" count="1" type="stmt"/>
        <line num="22" count="1" type="stmt"/>
        <line num="34" count="1" type="stmt"/>
      </file>
    </package>
    <package name="src.router">
      <metrics statements="8" coveredstatements="5" conditionals="0" coveredconditionals="0" methods="3" coveredmethods="0"/>
      <file name="index.ts" path="C:\Users\Usuari\Desktop\Bootcamp\Curso\Semana 9 -10- 11\VueGComps\vuegcomps-front\src\router\index.ts">
        <metrics statements="8" coveredstatements="5" conditionals="0" coveredconditionals="0" methods="3" coveredmethods="0"/>
        <line num="1" count="1" type="stmt"/>
        <line num="2" count="1" type="stmt"/>
        <line num="4" count="1" type="stmt"/>
        <line num="13" count="0" type="stmt"/>
        <line num="18" count="0" type="stmt"/>
        <line num="23" count="0" type="stmt"/>
        <line num="27" count="1" type="stmt"/>
        <line num="32" count="1" type="stmt"/>
      </file>
    </package>
    <package name="src.views">
      <metrics statements="3" coveredstatements="3" conditionals="0" coveredconditionals="0" methods="0" coveredmethods="0"/>
      <file name="Home.vue" path="C:\Users\Usuari\Desktop\Bootcamp\Curso\Semana 9 -10- 11\VueGComps\vuegcomps-front\src\views\Home.vue">
        <metrics statements="3" coveredstatements="3" conditionals="0" coveredconditionals="0" methods="0" coveredmethods="0"/>
        <line num="9" count="1" type="stmt"/>
        <line num="10" count="1" type="stmt"/>
        <line num="12" count="1" type="stmt"/>
      </file>
    </package>
    <package name="tests">
      <metrics statements="2" coveredstatements="2" conditionals="0" coveredconditionals="0" methods="0" coveredmethods="0"/>
      <file name="stateMock.ts" path="C:\Users\Usuari\Desktop\Bootcamp\Curso\Semana 9 -10- 11\VueGComps\vuegcomps-front\tests\stateMock.ts">
        <metrics statements="2" coveredstatements="2" conditionals="0" coveredconditionals="0" methods="0" coveredmethods="0"/>
        <line num="3" count="1" type="stmt"/>
        <line num="39" count="1" type="stmt"/>
      </file>
    </package>
  </project>
</coverage>
