{"C:\\Users\\Usuari\\Desktop\\Bootcamp\\Curso\\Semana 9 -10- 11\\VueGComps\\vuegcomps-front\\public\\Logo-horizontal-PhotoRoom.png": {"path":"C:\\Users\\Usuari\\Desktop\\Bootcamp\\Curso\\Semana 9 -10- 11\\VueGComps\\vuegcomps-front\\public\\Logo-horizontal-PhotoRoom.png","statementMap":{"0":{"start":{"line":1,"column":0},"end":{"line":1,"column":19}}},"fnMap":{},"branchMap":{},"s":{"0":1},"f":{},"b":{},"_coverageSchema":"43e27e138ebf9cfc5966b082cf9a028302ed4184","hash":"f3e27e4ca93a469bb49922dc3febe1826edf2666"}
,"C:\\Users\\Usuari\\Desktop\\Bootcamp\\Curso\\Semana 9 -10- 11\\VueGComps\\vuegcomps-front\\public\\burger-menu-s.png": {"path":"C:\\Users\\Usuari\\Desktop\\Bootcamp\\Curso\\Semana 9 -10- 11\\VueGComps\\vuegcomps-front\\public\\burger-menu-s.png","statementMap":{"0":{"start":{"line":1,"column":0},"end":{"line":1,"column":19}}},"fnMap":{},"branchMap":{},"s":{"0":1},"f":{},"b":{},"_coverageSchema":"43e27e138ebf9cfc5966b082cf9a028302ed4184","hash":"b338d0e3e7a9d830eb6fa0a23ff709f5be3dce05"}
,"C:\\Users\\Usuari\\Desktop\\Bootcamp\\Curso\\Semana 9 -10- 11\\VueGComps\\vuegcomps-front\\public\\instagram.png": {"path":"C:\\Users\\Usuari\\Desktop\\Bootcamp\\Curso\\Semana 9 -10- 11\\VueGComps\\vuegcomps-front\\public\\instagram.png","statementMap":{"0":{"start":{"line":1,"column":0},"end":{"line":1,"column":19}}},"fnMap":{},"branchMap":{},"s":{"0":1},"f":{},"b":{},"_coverageSchema":"43e27e138ebf9cfc5966b082cf9a028302ed4184","hash":"bc657447eac56aeaa43ca96a65250a37c801959d"}
,"C:\\Users\\Usuari\\Desktop\\Bootcamp\\Curso\\Semana 9 -10- 11\\VueGComps\\vuegcomps-front\\public\\login-f92.png": {"path":"C:\\Users\\Usuari\\Desktop\\Bootcamp\\Curso\\Semana 9 -10- 11\\VueGComps\\vuegcomps-front\\public\\login-f92.png","statementMap":{"0":{"start":{"line":1,"column":0},"end":{"line":1,"column":19}}},"fnMap":{},"branchMap":{},"s":{"0":1},"f":{},"b":{},"_coverageSchema":"43e27e138ebf9cfc5966b082cf9a028302ed4184","hash":"246ae90596c6d7df2d3edeabc577233f6cf50683"}
,"C:\\Users\\Usuari\\Desktop\\Bootcamp\\Curso\\Semana 9 -10- 11\\VueGComps\\vuegcomps-front\\public\\shopping-cart-f92.png": {"path":"C:\\Users\\Usuari\\Desktop\\Bootcamp\\Curso\\Semana 9 -10- 11\\VueGComps\\vuegcomps-front\\public\\shopping-cart-f92.png","statementMap":{"0":{"start":{"line":1,"column":0},"end":{"line":1,"column":19}}},"fnMap":{},"branchMap":{},"s":{"0":1},"f":{},"b":{},"_coverageSchema":"43e27e138ebf9cfc5966b082cf9a028302ed4184","hash":"3281ae5a8cbac4201b4fa6e9c784e6a31ccaac88"}
,"C:\\Users\\Usuari\\Desktop\\Bootcamp\\Curso\\Semana 9 -10- 11\\VueGComps\\vuegcomps-front\\public\\twitter.png": {"path":"C:\\Users\\Usuari\\Desktop\\Bootcamp\\Curso\\Semana 9 -10- 11\\VueGComps\\vuegcomps-front\\public\\twitter.png","statementMap":{"0":{"start":{"line":1,"column":0},"end":{"line":1,"column":19}}},"fnMap":{},"branchMap":{},"s":{"0":1},"f":{},"b":{},"_coverageSchema":"43e27e138ebf9cfc5966b082cf9a028302ed4184","hash":"a05e68422279775cce66cbd237be94c614e629ca"}
,"C:\\Users\\Usuari\\Desktop\\Bootcamp\\Curso\\Semana 9 -10- 11\\VueGComps\\vuegcomps-front\\public\\youtube.png": {"path":"C:\\Users\\Usuari\\Desktop\\Bootcamp\\Curso\\Semana 9 -10- 11\\VueGComps\\vuegcomps-front\\public\\youtube.png","statementMap":{"0":{"start":{"line":1,"column":0},"end":{"line":1,"column":19}}},"fnMap":{},"branchMap":{},"s":{"0":1},"f":{},"b":{},"_coverageSchema":"43e27e138ebf9cfc5966b082cf9a028302ed4184","hash":"539485ac738a84e2118c123811a1deee84f7026c"}
,"C:\\Users\\Usuari\\Desktop\\Bootcamp\\Curso\\Semana 9 -10- 11\\VueGComps\\vuegcomps-front\\src\\components\\Header.vue": {"path":"C:\\Users\\Usuari\\Desktop\\Bootcamp\\Curso\\Semana 9 -10- 11\\VueGComps\\vuegcomps-front\\src\\components\\Header.vue","statementMap":{"0":{"start":{"line":54,"column":0},"end":{"line":54,"column":null}},"1":{"start":{"line":56,"column":15},"end":{"line":56,"column":31}},"2":{"start":{"line":60,"column":6},"end":{"line":66,"column":null}},"3":{"start":{"line":61,"column":8},"end":{"line":61,"column":13}},"4":{"start":{"line":62,"column":8},"end":{"line":62,"column":13}},"5":{"start":{"line":64,"column":8},"end":{"line":64,"column":13}},"6":{"start":{"line":65,"column":8},"end":{"line":65,"column":13}},"7":{"start":{"line":70,"column":4},"end":{"line":70,"column":11}}},"fnMap":{"0":{"name":"(anonymous_0)","decl":{"start":{"line":59,"column":16},"end":{"line":59,"column":null}},"loc":{"start":{"line":59,"column":16},"end":{"line":67,"column":null}}},"1":{"name":"(anonymous_1)","decl":{"start":{"line":69,"column":6},"end":{"line":69,"column":null}},"loc":{"start":{"line":69,"column":6},"end":{"line":74,"column":null}}}},"branchMap":{"0":{"loc":{"start":{"line":60,"column":6},"end":{"line":66,"column":null}},"type":"if","locations":[{"start":{"line":60,"column":6},"end":{"line":66,"column":null}},{"start":{"line":60,"column":6},"end":{"line":66,"column":null}}]}},"s":{"0":1,"1":1,"2":0,"3":0,"4":0,"5":0,"6":0,"7":1},"f":{"0":0,"1":1},"b":{"0":[0,0]}}
,"C:\\Users\\Usuari\\Desktop\\Bootcamp\\Curso\\Semana 9 -10- 11\\VueGComps\\vuegcomps-front\\src\\components\\Product.vue": {"path":"C:\\Users\\Usuari\\Desktop\\Bootcamp\\Curso\\Semana 9 -10- 11\\VueGComps\\vuegcomps-front\\src\\components\\Product.vue","statementMap":{"0":{"start":{"line":14,"column":0},"end":{"line":14,"column":null}},"1":{"start":{"line":16,"column":15},"end":{"line":16,"column":31}}},"fnMap":{},"branchMap":{},"s":{"0":1,"1":1},"f":{},"b":{}}
,"C:\\Users\\Usuari\\Desktop\\Bootcamp\\Curso\\Semana 9 -10- 11\\VueGComps\\vuegcomps-front\\src\\components\\ProductList.vue": {"path":"C:\\Users\\Usuari\\Desktop\\Bootcamp\\Curso\\Semana 9 -10- 11\\VueGComps\\vuegcomps-front\\src\\components\\ProductList.vue","statementMap":{"0":{"start":{"line":18,"column":0},"end":{"line":18,"column":null}},"1":{"start":{"line":19,"column":0},"end":{"line":19,"column":null}},"2":{"start":{"line":20,"column":0},"end":{"line":20,"column":null}},"3":{"start":{"line":22,"column":15},"end":{"line":22,"column":31}},"4":{"start":{"line":34,"column":4},"end":{"line":34,"column":9}}},"fnMap":{"0":{"name":"(anonymous_0)","decl":{"start":{"line":33,"column":9},"end":{"line":33,"column":null}},"loc":{"start":{"line":33,"column":9},"end":{"line":35,"column":null}}}},"branchMap":{},"s":{"0":1,"1":1,"2":1,"3":1,"4":1},"f":{"0":1},"b":{}}
,"C:\\Users\\Usuari\\Desktop\\Bootcamp\\Curso\\Semana 9 -10- 11\\VueGComps\\vuegcomps-front\\src\\router\\index.ts": {"path":"C:\\Users\\Usuari\\Desktop\\Bootcamp\\Curso\\Semana 9 -10- 11\\VueGComps\\vuegcomps-front\\src\\router\\index.ts","statementMap":{"0":{"start":{"line":1,"column":0},"end":{"line":1,"column":null}},"1":{"start":{"line":2,"column":0},"end":{"line":2,"column":null}},"2":{"start":{"line":4,"column":38},"end":{"line":4,"column":null}},"3":{"start":{"line":13,"column":15},"end":{"line":13,"column":28}},"4":{"start":{"line":18,"column":15},"end":{"line":18,"column":28}},"5":{"start":{"line":23,"column":15},"end":{"line":23,"column":28}},"6":{"start":{"line":27,"column":15},"end":{"line":27,"column":28}},"7":{"start":{"line":32,"column":15},"end":{"line":32,"column":null}}},"fnMap":{"0":{"name":"(anonymous_0)","decl":{"start":{"line":13,"column":15},"end":{"line":13,"column":28}},"loc":{"start":{"line":13,"column":15},"end":{"line":13,"column":28}}},"1":{"name":"(anonymous_2)","decl":{"start":{"line":18,"column":15},"end":{"line":18,"column":28}},"loc":{"start":{"line":18,"column":15},"end":{"line":18,"column":28}}},"2":{"name":"(anonymous_4)","decl":{"start":{"line":23,"column":15},"end":{"line":23,"column":28}},"loc":{"start":{"line":23,"column":15},"end":{"line":23,"column":28}}}},"branchMap":{},"s":{"0":1,"1":1,"2":1,"3":0,"4":0,"5":0,"6":1,"7":1},"f":{"0":0,"1":0,"2":0},"b":{}}
,"C:\\Users\\Usuari\\Desktop\\Bootcamp\\Curso\\Semana 9 -10- 11\\VueGComps\\vuegcomps-front\\src\\views\\Home.vue": {"path":"C:\\Users\\Usuari\\Desktop\\Bootcamp\\Curso\\Semana 9 -10- 11\\VueGComps\\vuegcomps-front\\src\\views\\Home.vue","statementMap":{"0":{"start":{"line":9,"column":0},"end":{"line":9,"column":null}},"1":{"start":{"line":10,"column":0},"end":{"line":10,"column":null}},"2":{"start":{"line":12,"column":15},"end":{"line":12,"column":31}}},"fnMap":{},"branchMap":{},"s":{"0":1,"1":1,"2":1},"f":{},"b":{}}
,"C:\\Users\\Usuari\\Desktop\\Bootcamp\\Curso\\Semana 9 -10- 11\\VueGComps\\vuegcomps-front\\tests\\stateMock.ts": {"path":"C:\\Users\\Usuari\\Desktop\\Bootcamp\\Curso\\Semana 9 -10- 11\\VueGComps\\vuegcomps-front\\tests\\stateMock.ts","statementMap":{"0":{"start":{"line":3,"column":18},"end":{"line":3,"column":null}},"1":{"start":{"line":39,"column":15},"end":{"line":39,"column":null}}},"fnMap":{},"branchMap":{},"s":{"0":1,"1":1},"f":{},"b":{}}
}
