TN:
SF:C:\Users\Usuari\Desktop\Bootcamp\Curso\Semana 9 -10- 11\VueGComps\vuegcomps-front\public\Logo-horizontal-PhotoRoom.png
FNF:0
FNH:0
DA:1,1
LF:1
LH:1
BRF:0
BRH:0
end_of_record
TN:
SF:C:\Users\Usuari\Desktop\Bootcamp\Curso\Semana 9 -10- 11\VueGComps\vuegcomps-front\public\burger-menu-s.png
FNF:0
FNH:0
DA:1,1
LF:1
LH:1
BRF:0
BRH:0
end_of_record
TN:
SF:C:\Users\Usuari\Desktop\Bootcamp\Curso\Semana 9 -10- 11\VueGComps\vuegcomps-front\public\instagram.png
FNF:0
FNH:0
DA:1,1
LF:1
LH:1
BRF:0
BRH:0
end_of_record
TN:
SF:C:\Users\Usuari\Desktop\Bootcamp\Curso\Semana 9 -10- 11\VueGComps\vuegcomps-front\public\login-f92.png
FNF:0
FNH:0
DA:1,1
LF:1
LH:1
BRF:0
BRH:0
end_of_record
TN:
SF:C:\Users\Usuari\Desktop\Bootcamp\Curso\Semana 9 -10- 11\VueGComps\vuegcomps-front\public\shopping-cart-f92.png
FNF:0
FNH:0
DA:1,1
LF:1
LH:1
BRF:0
BRH:0
end_of_record
TN:
SF:C:\Users\Usuari\Desktop\Bootcamp\Curso\Semana 9 -10- 11\VueGComps\vuegcomps-front\public\twitter.png
FNF:0
FNH:0
DA:1,1
LF:1
LH:1
BRF:0
BRH:0
end_of_record
TN:
SF:C:\Users\Usuari\Desktop\Bootcamp\Curso\Semana 9 -10- 11\VueGComps\vuegcomps-front\public\youtube.png
FNF:0
FNH:0
DA:1,1
LF:1
LH:1
BRF:0
BRH:0
end_of_record
TN:
SF:C:\Users\Usuari\Desktop\Bootcamp\Curso\Semana 9 -10- 11\VueGComps\vuegcomps-front\src\components\Header.vue
FN:59,(anonymous_0)
FN:69,(anonymous_1)
FNF:2
FNH:1
FNDA:0,(anonymous_0)
FNDA:1,(anonymous_1)
DA:54,1
DA:56,1
DA:60,0
DA:61,0
DA:62,0
DA:64,0
DA:65,0
DA:70,1
LF:8
LH:3
BRDA:60,0,0,0
BRDA:60,0,1,0
BRF:2
BRH:0
end_of_record
TN:
SF:C:\Users\Usuari\Desktop\Bootcamp\Curso\Semana 9 -10- 11\VueGComps\vuegcomps-front\src\components\Product.vue
FNF:0
FNH:0
DA:14,1
DA:16,1
LF:2
LH:2
BRF:0
BRH:0
end_of_record
TN:
SF:C:\Users\Usuari\Desktop\Bootcamp\Curso\Semana 9 -10- 11\VueGComps\vuegcomps-front\src\components\ProductList.vue
FN:33,(anonymous_0)
FNF:1
FNH:1
FNDA:1,(anonymous_0)
DA:18,1
DA:19,1
DA:20,1
DA:22,1
DA:34,1
LF:5
LH:5
BRF:0
BRH:0
end_of_record
TN:
SF:C:\Users\Usuari\Desktop\Bootcamp\Curso\Semana 9 -10- 11\VueGComps\vuegcomps-front\src\router\index.ts
FN:13,(anonymous_0)
FN:18,(anonymous_2)
FN:23,(anonymous_4)
FNF:3
FNH:0
FNDA:0,(anonymous_0)
FNDA:0,(anonymous_2)
FNDA:0,(anonymous_4)
DA:1,1
DA:2,1
DA:4,1
DA:13,0
DA:18,0
DA:23,0
DA:27,1
DA:32,1
LF:8
LH:5
BRF:0
BRH:0
end_of_record
TN:
SF:C:\Users\Usuari\Desktop\Bootcamp\Curso\Semana 9 -10- 11\VueGComps\vuegcomps-front\src\views\Home.vue
FNF:0
FNH:0
DA:9,1
DA:10,1
DA:12,1
LF:3
LH:3
BRF:0
BRH:0
end_of_record
TN:
SF:C:\Users\Usuari\Desktop\Bootcamp\Curso\Semana 9 -10- 11\VueGComps\vuegcomps-front\tests\stateMock.ts
FNF:0
FNH:0
DA:3,1
DA:39,1
LF:2
LH:2
BRF:0
BRH:0
end_of_record
